<?xml version="1.0" encoding="UTF-8"?>
<!-- Generated by org.testng.reporters.JUnitReportReporter -->
<testsuite skipped="0" hostname="VBDEV02" name="TestNG.MavenTestNG_Class2" tests="1" failures="0" timestamp="17 Jun 2019 08:43:45 GMT" time="0.016" errors="0">
  <testcase name="f" time="0.016" classname="TestNG.MavenTestNG_Class2"/>
</testsuite> <!-- TestNG.MavenTestNG_Class2 -->
