<?xml version="1.0" encoding="UTF-8"?>
<!-- Generated by org.testng.reporters.JUnitReportReporter -->
<testsuite skipped="0" hostname="VBDEV02" name="TestNG.MavenTestNG_Class" tests="1" failures="0" timestamp="17 Jun 2019 08:25:29 GMT" time="0.005" errors="0">
  <testcase name="f" time="0.005" classname="TestNG.MavenTestNG_Class"/>
</testsuite> <!-- TestNG.MavenTestNG_Class -->
