<?xml version="1.0" encoding="UTF-8"?>
<!-- Generated by org.testng.reporters.JUnitReportReporter -->
<testsuite skipped="0" hostname="VBDEV02" name="TestNG.MavenTestNG_Class" tests="1" failures="0" timestamp="17 Jun 2019 09:59:19 GMT" time="3.252" errors="0">
  <testcase name="change_time_frame_and_download" time="3.252" classname="TestNG.MavenTestNG_Class"/>
</testsuite> <!-- TestNG.MavenTestNG_Class -->
