<?xml version="1.0" encoding="UTF-8"?>
<!-- Generated by org.testng.reporters.JUnitReportReporter -->
<testsuite skipped="0" hostname="VBDEV02" name="TestNG.MavenTestNG_Class" tests="1" failures="0" timestamp="17 Jun 2019 10:10:12 GMT" time="2.755" errors="0">
  <testcase name="change_time_frame_and_download" time="2.755" classname="TestNG.MavenTestNG_Class"/>
</testsuite> <!-- TestNG.MavenTestNG_Class -->
